INFO:apscheduler.scheduler:Scheduler started
INFO:apscheduler.scheduler:Scheduler started
ERROR:root:Telegram server says - Bad Request: chat not found
ERROR:asyncio:Unclosed client session
client_session: <aiohttp.client.ClientSession object at 0x0000026455975710>
ERROR:asyncio:Unclosed connector
connections: ['[(<aiohttp.client_proto.ResponseHandler object at 0x000002645591E430>, 3360.625)]']
connector: <aiohttp.connector.TCPConnector object at 0x0000026455975490>
INFO:apscheduler.scheduler:Scheduler started
ERROR:root:Telegram server says - Bad Request: chat not found
ERROR:asyncio:Unclosed client session
client_session: <aiohttp.client.ClientSession object at 0x000002323A755710>
ERROR:asyncio:Unclosed connector
connections: ['[(<aiohttp.client_proto.ResponseHandler object at 0x000002323A6FE120>, 4422.156)]']
connector: <aiohttp.connector.TCPConnector object at 0x000002323A755510>
INFO:apscheduler.scheduler:Scheduler started
INFO:aiogram.dispatcher:Start polling
INFO:aiogram.dispatcher:Run polling for bot @yummi_pizza_bot id=6515055353 - 'Pizza Bot'
INFO:aiogram.event:Update id=494919360 is handled. Duration 266 ms by bot id=6515055353
INFO:apscheduler.scheduler:Scheduler started
INFO:aiogram.dispatcher:Start polling
INFO:aiogram.dispatcher:Run polling for bot @yummi_pizza_bot id=6515055353 - 'Pizza Bot'
INFO:aiogram.event:Update id=494919361 is not handled. Duration 15 ms by bot id=6515055353
INFO:aiogram.event:Update id=494919362 is handled. Duration 282 ms by bot id=6515055353
INFO:apscheduler.scheduler:Scheduler started
INFO:aiogram.dispatcher:Start polling
INFO:aiogram.dispatcher:Run polling for bot @yummi_pizza_bot id=6515055353 - 'Pizza Bot'
INFO:apscheduler.scheduler:Scheduler started
INFO:aiogram.dispatcher:Start polling
INFO:aiogram.dispatcher:Run polling for bot @yummi_pizza_bot id=6515055353 - 'Pizza Bot'
INFO:aiogram.event:Update id=494919363 is not handled. Duration 15 ms by bot id=6515055353
INFO:aiogram.event:Update id=494919364 is handled. Duration 16 ms by bot id=6515055353
INFO:apscheduler.scheduler:Scheduler started
INFO:aiogram.dispatcher:Start polling
INFO:aiogram.dispatcher:Run polling for bot @yummi_pizza_bot id=6515055353 - 'Pizza Bot'
INFO:aiogram.event:Update id=494919365 is handled. Duration 15 ms by bot id=6515055353
INFO:apscheduler.scheduler:Scheduler started
INFO:aiogram.dispatcher:Start polling
INFO:aiogram.dispatcher:Run polling for bot @yummi_pizza_bot id=6515055353 - 'Pizza Bot'
INFO:aiogram.event:Update id=494919366 is handled. Duration 0 ms by bot id=6515055353
INFO:apscheduler.scheduler:Scheduler started
INFO:aiogram.dispatcher:Start polling
INFO:aiogram.dispatcher:Run polling for bot @yummi_pizza_bot id=6515055353 - 'Pizza Bot'
INFO:aiogram.event:Update id=494919367 is handled. Duration 47 ms by bot id=6515055353
INFO:apscheduler.scheduler:Scheduler started
INFO:aiogram.dispatcher:Start polling
INFO:aiogram.dispatcher:Run polling for bot @yummi_pizza_bot id=6515055353 - 'Pizza Bot'
INFO:aiogram.event:Update id=494919368 is handled. Duration 14 ms by bot id=6515055353
INFO:apscheduler.scheduler:Scheduler started
INFO:aiogram.dispatcher:Start polling
INFO:aiogram.dispatcher:Run polling for bot @yummi_pizza_bot id=6515055353 - 'Pizza Bot'
INFO:aiogram.event:Update id=494919369 is handled. Duration 0 ms by bot id=6515055353
INFO:apscheduler.scheduler:Scheduler started
INFO:aiogram.dispatcher:Start polling
INFO:aiogram.dispatcher:Run polling for bot @yummi_pizza_bot id=6515055353 - 'Pizza Bot'
INFO:aiogram.event:Update id=494919370 is handled. Duration 0 ms by bot id=6515055353
INFO:apscheduler.scheduler:Scheduler started
INFO:aiogram.dispatcher:Start polling
INFO:aiogram.dispatcher:Run polling for bot @yummi_pizza_bot id=6515055353 - 'Pizza Bot'
INFO:aiogram.event:Update id=494919371 is handled. Duration 0 ms by bot id=6515055353
INFO:apscheduler.scheduler:Scheduler started
INFO:aiogram.dispatcher:Start polling
INFO:aiogram.dispatcher:Run polling for bot @yummi_pizza_bot id=6515055353 - 'Pizza Bot'
INFO:aiogram.event:Update id=494919372 is handled. Duration 14 ms by bot id=6515055353
INFO:apscheduler.scheduler:Scheduler started
INFO:aiogram.dispatcher:Start polling
INFO:aiogram.dispatcher:Run polling for bot @yummi_pizza_bot id=6515055353 - 'Pizza Bot'
INFO:aiogram.event:Update id=494919373 is handled. Duration 0 ms by bot id=6515055353
INFO:apscheduler.scheduler:Scheduler started
INFO:aiogram.dispatcher:Start polling
INFO:aiogram.dispatcher:Run polling for bot @yummi_pizza_bot id=6515055353 - 'Pizza Bot'
INFO:aiogram.event:Update id=494919374 is handled. Duration 0 ms by bot id=6515055353
INFO:apscheduler.scheduler:Scheduler started
INFO:aiogram.dispatcher:Start polling
INFO:aiogram.dispatcher:Run polling for bot @yummi_pizza_bot id=6515055353 - 'Pizza Bot'
INFO:aiogram.event:Update id=494919375 is handled. Duration 389 ms by bot id=6515055353
INFO:apscheduler.scheduler:Scheduler started
INFO:aiogram.dispatcher:Start polling
INFO:aiogram.dispatcher:Run polling for bot @yummi_pizza_bot id=6515055353 - 'Pizza Bot'
INFO:aiogram.event:Update id=494919376 is handled. Duration 344 ms by bot id=6515055353
INFO:apscheduler.scheduler:Scheduler started
INFO:apscheduler.scheduler:Scheduler started
INFO:aiogram.dispatcher:Start polling
INFO:aiogram.dispatcher:Run polling for bot @yummi_pizza_bot id=6515055353 - 'Pizza Bot'
INFO:aiogram.event:Update id=494919377 is handled. Duration 296 ms by bot id=6515055353
INFO:apscheduler.scheduler:Scheduler started
INFO:aiogram.dispatcher:Start polling
INFO:aiogram.dispatcher:Run polling for bot @yummi_pizza_bot id=6515055353 - 'Pizza Bot'
INFO:apscheduler.scheduler:Scheduler started
INFO:aiogram.dispatcher:Start polling
INFO:aiogram.dispatcher:Run polling for bot @yummi_pizza_bot id=6515055353 - 'Pizza Bot'
INFO:apscheduler.scheduler:Scheduler started
INFO:aiogram.dispatcher:Start polling
INFO:aiogram.dispatcher:Run polling for bot @yummi_pizza_bot id=6515055353 - 'Pizza Bot'
INFO:apscheduler.scheduler:Scheduler started
INFO:aiogram.dispatcher:Start polling
INFO:aiogram.dispatcher:Run polling for bot @yummi_pizza_bot id=6515055353 - 'Pizza Bot'
INFO:apscheduler.scheduler:Scheduler started
INFO:aiogram.dispatcher:Start polling
INFO:aiogram.dispatcher:Run polling for bot @yummi_pizza_bot id=6515055353 - 'Pizza Bot'
INFO:apscheduler.scheduler:Scheduler started
INFO:aiogram.dispatcher:Start polling
INFO:aiogram.dispatcher:Run polling for bot @yummi_pizza_bot id=6515055353 - 'Pizza Bot'
INFO:apscheduler.scheduler:Scheduler started
INFO:aiogram.dispatcher:Start polling
INFO:aiogram.dispatcher:Run polling for bot @yummi_pizza_bot id=6515055353 - 'Pizza Bot'
INFO:apscheduler.scheduler:Scheduler started
INFO:aiogram.dispatcher:Start polling
INFO:aiogram.dispatcher:Run polling for bot @yummi_pizza_bot id=6515055353 - 'Pizza Bot'
INFO:apscheduler.scheduler:Scheduler started
INFO:aiogram.dispatcher:Start polling
INFO:aiogram.dispatcher:Run polling for bot @yummi_pizza_bot id=6515055353 - 'Pizza Bot'
INFO:apscheduler.scheduler:Scheduler started
INFO:aiogram.dispatcher:Start polling
INFO:aiogram.dispatcher:Run polling for bot @yummi_pizza_bot id=6515055353 - 'Pizza Bot'
